2023-04-03 02:06:48.253289 - Initialized conversion of CBT708
2023-04-03 02:06:48.839562 - Received CBT.V504.FILE708.PDS from FILE708.XMI 
2023-04-03 02:06:48.842177 - Found $$$#DATE.txt (text/plain) in CBT.V504.FILE708.PDS, moved to PDS/$$$#DATE
2023-04-03 02:06:48.843336 - Found $$NOTE01.txt (text/plain) in CBT.V504.FILE708.PDS, moved to PDS/$$NOTE01
2023-04-03 02:06:48.844403 - Found $$NOTE02.txt (text/plain) in CBT.V504.FILE708.PDS, moved to PDS/$$NOTE02
2023-04-03 02:06:48.845494 - Found $$NOTE03.txt (text/plain) in CBT.V504.FILE708.PDS, moved to PDS/$$NOTE03
2023-04-03 02:06:48.846664 - Found $$NOTE04.txt (text/plain) in CBT.V504.FILE708.PDS, moved to PDS/$$NOTE04
2023-04-03 02:06:48.847859 - Found $$README.txt (text/plain) in CBT.V504.FILE708.PDS, moved to PDS/$$README
2023-04-03 02:06:48.848950 - Found $CHANGES.txt (text/plain) in CBT.V504.FILE708.PDS, moved to PDS/$CHANGES
2023-04-03 02:06:48.850009 - Found $ESTAE.txt (text/plain) in CBT.V504.FILE708.PDS, moved to PDS/$ESTAE
2023-04-03 02:06:48.850976 - Found $EXISTNG.txt (text/plain) in CBT.V504.FILE708.PDS, moved to PDS/$EXISTNG
2023-04-03 02:06:48.852002 - Found $EXPLAIN.txt (text/plain) in CBT.V504.FILE708.PDS, moved to PDS/$EXPLAIN
2023-04-03 02:06:48.853027 - Found $GOTABLE.txt (text/plain) in CBT.V504.FILE708.PDS, moved to PDS/$GOTABLE
2023-04-03 02:06:48.853972 - Found $HASP099.txt (text/plain) in CBT.V504.FILE708.PDS, moved to PDS/$HASP099
2023-04-03 02:06:48.855008 - Found $HASP100.txt (text/plain) in CBT.V504.FILE708.PDS, moved to PDS/$HASP100
2023-04-03 02:06:48.856007 - Found $HASP395.txt (text/plain) in CBT.V504.FILE708.PDS, moved to PDS/$HASP395
2023-04-03 02:06:48.856955 - Found $HASP426.txt (text/plain) in CBT.V504.FILE708.PDS, moved to PDS/$HASP426
2023-04-03 02:06:48.857951 - Found $HASP441.txt (text/plain) in CBT.V504.FILE708.PDS, moved to PDS/$HASP441
2023-04-03 02:06:48.858940 - Found $HASP61A.txt (text/plain) in CBT.V504.FILE708.PDS, moved to PDS/$HASP61A
2023-04-03 02:06:48.859994 - Found $HASP612.txt (text/plain) in CBT.V504.FILE708.PDS, moved to PDS/$HASP612
2023-04-03 02:06:48.860984 - Found $INCLUDE.txt (text/plain) in CBT.V504.FILE708.PDS, moved to PDS/$INCLUDE
2023-04-03 02:06:48.861985 - Found $INSTALL.txt (text/plain) in CBT.V504.FILE708.PDS, moved to PDS/$INSTALL
2023-04-03 02:06:48.862953 - Found $LOG.txt (text/plain) in CBT.V504.FILE708.PDS, moved to PDS/$LOG
2023-04-03 02:06:48.863976 - Found $MODLOG.txt (text/plain) in CBT.V504.FILE708.PDS, moved to PDS/$MODLOG
2023-04-03 02:06:48.864936 - Found $PDSLOAD.jcl (text/plain) in CBT.V504.FILE708.PDS, moved to PDS/$PDSLOAD
2023-04-03 02:06:48.865865 - Found $USAGE.txt (text/plain) in CBT.V504.FILE708.PDS, moved to PDS/$USAGE
2023-04-03 02:06:48.866848 - Found @FILE708.txt (text/plain) in CBT.V504.FILE708.PDS, moved to PDS/@FILE708
2023-04-03 02:06:48.867788 - Found AOP075I.txt (text/plain) in CBT.V504.FILE708.PDS, moved to PDS/AOP075I
2023-04-03 02:06:48.868720 - Found ASKOPER.txt (text/plain) in CBT.V504.FILE708.PDS, moved to PDS/ASKOPER
2023-04-03 02:06:48.869648 - Found ASMACL.jcl (text/plain) in CBT.V504.FILE708.PDS, moved to PDS/ASMACL
2023-04-03 02:06:48.870572 - Found ASTTEST.jcl (text/plain) in CBT.V504.FILE708.PDS, moved to PDS/ASTTEST
2023-04-03 02:06:48.871677 - Found CADO017D.txt (text/plain) in CBT.V504.FILE708.PDS, moved to PDS/CADO017D
2023-04-03 02:06:48.872738 - Found CAT9010P.txt (text/plain) in CBT.V504.FILE708.PDS, moved to PDS/CAT9010P
2023-04-03 02:06:48.873847 - Found CHECKAST.txt (text/plain) in CBT.V504.FILE708.PDS, moved to PDS/CHECKAST
2023-04-03 02:06:48.874879 - Found COF536I.txt (text/plain) in CBT.V504.FILE708.PDS, moved to PDS/COF536I
2023-04-03 02:06:48.875861 - Found CSQMSGS.txt (text/plain) in CBT.V504.FILE708.PDS, moved to PDS/CSQMSGS
2023-04-03 02:06:48.876875 - Found DCOMMMP1.txt (text/plain) in CBT.V504.FILE708.PDS, moved to PDS/DCOMMMP1
2023-04-03 02:06:48.877789 - Found DELNT.txt (text/plain) in CBT.V504.FILE708.PDS, moved to PDS/DELNT
2023-04-03 02:06:48.878757 - Found DISCLAIM.txt (text/plain) in CBT.V504.FILE708.PDS, moved to PDS/DISCLAIM
2023-04-03 02:06:48.879800 - Found EMAILS.txt (text/plain) in CBT.V504.FILE708.PDS, moved to PDS/EMAILS
2023-04-03 02:06:48.880825 - Found EPW0309I.txt (text/plain) in CBT.V504.FILE708.PDS, moved to PDS/EPW0309I
2023-04-03 02:06:48.881739 - Found ERB100I.txt (text/plain) in CBT.V504.FILE708.PDS, moved to PDS/ERB100I
2023-04-03 02:06:48.882626 - Found EZAIN22I.txt (text/plain) in CBT.V504.FILE708.PDS, moved to PDS/EZAIN22I
2023-04-03 02:06:48.883586 - Found IAT3011.txt (text/plain) in CBT.V504.FILE708.PDS, moved to PDS/IAT3011
2023-04-03 02:06:48.884645 - Found IAT3012.txt (text/plain) in CBT.V504.FILE708.PDS, moved to PDS/IAT3012
2023-04-03 02:06:48.885650 - Found IAT3100.txt (text/plain) in CBT.V504.FILE708.PDS, moved to PDS/IAT3100
2023-04-03 02:06:48.886662 - Found ICK003D.txt (text/plain) in CBT.V504.FILE708.PDS, moved to PDS/ICK003D
2023-04-03 02:06:48.887762 - Found IEE043I.txt (text/plain) in CBT.V504.FILE708.PDS, moved to PDS/IEE043I
2023-04-03 02:06:48.888860 - Found IEE112I.txt (text/plain) in CBT.V504.FILE708.PDS, moved to PDS/IEE112I
2023-04-03 02:06:48.889917 - Found IEE362A.txt (text/plain) in CBT.V504.FILE708.PDS, moved to PDS/IEE362A
2023-04-03 02:06:48.890935 - Found IEFTMS0.txt (text/plain) in CBT.V504.FILE708.PDS, moved to PDS/IEFTMS0
2023-04-03 02:06:48.892035 - Found IEFTMS8.txt (text/plain) in CBT.V504.FILE708.PDS, moved to PDS/IEFTMS8
2023-04-03 02:06:48.893035 - Found IEF176I.txt (text/plain) in CBT.V504.FILE708.PDS, moved to PDS/IEF176I
2023-04-03 02:06:48.894050 - Found IEF238D.txt (text/plain) in CBT.V504.FILE708.PDS, moved to PDS/IEF238D
2023-04-03 02:06:48.894999 - Found IEF403I.txt (text/plain) in CBT.V504.FILE708.PDS, moved to PDS/IEF403I
2023-04-03 02:06:48.896043 - Found IEF404I.txt (text/plain) in CBT.V504.FILE708.PDS, moved to PDS/IEF404I
2023-04-03 02:06:48.897065 - Found IEF450I.txt (text/plain) in CBT.V504.FILE708.PDS, moved to PDS/IEF450I
2023-04-03 02:06:48.897958 - Found IKT010D.txt (text/plain) in CBT.V504.FILE708.PDS, moved to PDS/IKT010D
2023-04-03 02:06:48.898871 - Found IKT012D.txt (text/plain) in CBT.V504.FILE708.PDS, moved to PDS/IKT012D
2023-04-03 02:06:48.899919 - Found IST020I.txt (text/plain) in CBT.V504.FILE708.PDS, moved to PDS/IST020I
2023-04-03 02:06:48.900894 - Found IST133I.txt (text/plain) in CBT.V504.FILE708.PDS, moved to PDS/IST133I
2023-04-03 02:06:48.901850 - Found IST270I.txt (text/plain) in CBT.V504.FILE708.PDS, moved to PDS/IST270I
2023-04-03 02:06:48.902873 - Found IXC418I.txt (text/plain) in CBT.V504.FILE708.PDS, moved to PDS/IXC418I
2023-04-03 02:06:49.407660 - Found MACROS.xmi (application/xmit) in CBT.V504.FILE708.PDS
2023-04-03 02:06:49.504827   - Received to CBT708/FILE708.MACROS
2023-04-03 02:06:49.505898 - Found MPFLOAD.txt (text/plain) in CBT.V504.FILE708.PDS, moved to PDS/MPFLOAD
2023-04-03 02:06:49.507165 - Found MPFLST00.txt (text/plain) in CBT.V504.FILE708.PDS, moved to PDS/MPFLST00
2023-04-03 02:06:49.508164 - Found MPFXDSPL.txt (text/plain) in CBT.V504.FILE708.PDS, moved to PDS/MPFXDSPL
2023-04-03 02:06:49.509332 - Found MPFXTALL.txt (text/plain) in CBT.V504.FILE708.PDS, moved to PDS/MPFXTALL
2023-04-03 02:06:49.510524 - Found MPFXTAL5.txt (text/plain) in CBT.V504.FILE708.PDS, moved to PDS/MPFXTAL5
2023-04-03 02:06:49.511995 - Found MPFXTAL6.txt (text/plain) in CBT.V504.FILE708.PDS, moved to PDS/MPFXTAL6
2023-04-03 02:06:49.513387 - Found MPFXTAL7.txt (text/plain) in CBT.V504.FILE708.PDS, moved to PDS/MPFXTAL7
2023-04-03 02:06:49.514575 - Found MPFXTAL8.txt (text/plain) in CBT.V504.FILE708.PDS, moved to PDS/MPFXTAL8
2023-04-03 02:06:49.515835 - Found MPFXTAL9.txt (text/plain) in CBT.V504.FILE708.PDS, moved to PDS/MPFXTAL9
2023-04-03 02:06:49.517521 - Found PAUSE.txt (text/plain) in CBT.V504.FILE708.PDS, moved to PDS/PAUSE
2023-04-03 02:06:49.523836 - Found PDSLOAD.xmi (application/xmit) in CBT.V504.FILE708.PDS
2023-04-03 02:06:49.531981   - Received RECFM=U data, stored XMIT file as CBT708/PDSLOAD.xmi
2023-04-03 02:06:49.533026 - Found PROC.txt (text/plain) in CBT.V504.FILE708.PDS, moved to PDS/PROC
2023-04-03 02:06:49.534103 - Found REPLY.txt (text/plain) in CBT.V504.FILE708.PDS, moved to PDS/REPLY
2023-04-03 02:06:49.535326 - Found SHUTDOWN.txt (text/plain) in CBT.V504.FILE708.PDS, moved to PDS/SHUTDOWN
2023-04-03 02:06:49.536415 - Found SHUTIDMS.txt (text/plain) in CBT.V504.FILE708.PDS, moved to PDS/SHUTIDMS
2023-04-03 02:06:49.537324 - Found SMSMSPRC.txt (text/plain) in CBT.V504.FILE708.PDS, moved to PDS/SMSMSPRC
2023-04-03 02:06:49.538195 - Found SMSSGMSG.txt (text/plain) in CBT.V504.FILE708.PDS, moved to PDS/SMSSGMSG
2023-04-03 02:06:49.539098 - Found SPILL.txt (text/plain) in CBT.V504.FILE708.PDS, moved to PDS/SPILL
2023-04-03 02:06:49.540067 - Found STOPZFS.txt (text/plain) in CBT.V504.FILE708.PDS, moved to PDS/STOPZFS
2023-04-03 02:06:49.540978 - Found SVT1P000.txt (text/plain) in CBT.V504.FILE708.PDS, moved to PDS/SVT1P000
2023-04-03 02:06:49.541891 - Found SVT1P001.txt (text/plain) in CBT.V504.FILE708.PDS, moved to PDS/SVT1P001
2023-04-03 02:06:49.542807 - Found TESTALL.txt (text/plain) in CBT.V504.FILE708.PDS, moved to PDS/TESTALL
2023-04-03 02:06:49.543785 - Found TESTLONG.jcl (text/plain) in CBT.V504.FILE708.PDS, moved to PDS/TESTLONG
2023-04-03 02:06:49.544747 - Found TSOROUTE.txt (text/plain) in CBT.V504.FILE708.PDS, moved to PDS/TSOROUTE
2023-04-03 02:06:49.545655 - Found TSTLONGM.jcl (text/plain) in CBT.V504.FILE708.PDS, moved to PDS/TSTLONGM
2023-04-03 02:06:49.546540 - Found VCS0003W.txt (text/plain) in CBT.V504.FILE708.PDS, moved to PDS/VCS0003W
